Base path: C:/Program Files/Unity/Hub/Editor/2019.3.6f1/Editor/2018.4.28f1/Editor/Data
Cmd: initializeCompiler
Cmd: compileComputeKernel
  api=4 insize=3859 outsize=2597 ok=1
Cmd: compileComputeKernel
  api=4 insize=1435 outsize=1561 ok=1
Cmd: compileComputeKernel
  api=4 insize=3273 outsize=1925 ok=1
Cmd: compileComputeKernel
  api=4 insize=4219 outsize=3505 ok=1
Cmd: compileComputeKernel
  api=4 insize=8159 outsize=37657 ok=1
Cmd: compileComputeKernel
  api=4 insize=5852 outsize=37161 ok=1
Cmd: compileComputeKernel
  api=4 insize=2343 outsize=1341 ok=1
Cmd: compileComputeKernel
  api=4 insize=2400 outsize=1033 ok=1
Unhandled exception: Protocol error - unexpected end of data (did the Editor crash?)

Quitting shader compiler process
